..\Debug\VC9Play.ilk
..\Debug\VC9Play.pdb
D:\DEVELOP\VC9PLAY\DEBUG\VC9PLAY.EXE
D:\Develop\VC9Play\Debug\VC9Play.exp
D:\DEVELOP\VC9PLAY\DEBUG\VC9PLAY.ILK
D:\Develop\VC9Play\Debug\VC9Play.lib
D:\DEVELOP\VC9PLAY\DEBUG\VC9PLAY.PDB
D:\Develop\VC9Play\VC9Play\..\Debug\VC9Play.exe
D:\Develop\VC9Play\VC9Play\Copying Protection Files to
D:\DEVELOP\VC9PLAY\VC9PLAY\DEBUG\ADDPATHDLG.OBJ
D:\Develop\VC9Play\VC9Play\Debug\cl.command.1.tlog
D:\Develop\VC9Play\VC9Play\Debug\CL.read.1.tlog
D:\Develop\VC9Play\VC9Play\Debug\CL.write.1.tlog
D:\DEVELOP\VC9PLAY\VC9PLAY\DEBUG\FILEMANAGER.OBJ
D:\DEVELOP\VC9PLAY\VC9PLAY\DEBUG\FILEOPERATIONS.OBJ
D:\Develop\VC9Play\VC9Play\Debug\link.command.1.tlog
D:\Develop\VC9Play\VC9Play\Debug\link.read.1.tlog
D:\Develop\VC9Play\VC9Play\Debug\link.write.1.tlog
D:\Develop\VC9Play\VC9Play\Debug\link-cvtres.read.1.tlog
D:\Develop\VC9Play\VC9Play\Debug\link-cvtres.write.1.tlog
D:\Develop\VC9Play\VC9Play\Debug\mt.command.1.tlog
D:\Develop\VC9Play\VC9Play\Debug\mt.read.1.tlog
D:\Develop\VC9Play\VC9Play\Debug\mt.write.1.tlog
D:\DEVELOP\VC9PLAY\VC9PLAY\DEBUG\OPTIONDLG.OBJ
D:\Develop\VC9Play\VC9Play\Debug\rc.command.1.tlog
D:\Develop\VC9Play\VC9Play\Debug\rc.read.1.tlog
D:\Develop\VC9Play\VC9Play\Debug\rc.write.1.tlog
D:\DEVELOP\VC9PLAY\VC9PLAY\DEBUG\SETDIRDLG.OBJ
D:\DEVELOP\VC9PLAY\VC9PLAY\DEBUG\SETTIMEDIALOG.OBJ
D:\DEVELOP\VC9PLAY\VC9PLAY\DEBUG\STDAFX.OBJ
D:\DEVELOP\VC9PLAY\VC9PLAY\DEBUG\SYSTEMMANAGER.OBJ
D:\Develop\VC9Play\VC9Play\Debug\vc100.idb
D:\DEVELOP\VC9PLAY\VC9PLAY\DEBUG\VC100.PDB
D:\DEVELOP\VC9PLAY\VC9PLAY\DEBUG\VC9PLAY.EXE.EMBED.MANIFEST
D:\DEVELOP\VC9PLAY\VC9PLAY\DEBUG\VC9PLAY.EXE.EMBED.MANIFEST.RES
D:\DEVELOP\VC9PLAY\VC9PLAY\DEBUG\VC9PLAY.EXE.INTERMEDIATE.MANIFEST
D:\DEVELOP\VC9PLAY\VC9PLAY\DEBUG\VC9PLAY.OBJ
D:\DEVELOP\VC9PLAY\VC9PLAY\DEBUG\VC9PLAY.PCH
D:\DEVELOP\VC9PLAY\VC9PLAY\DEBUG\VC9PLAY.RES
D:\Develop\VC9Play\VC9Play\Debug\VC9Play.vcxprojResolveAssemblyReference.cache
D:\Develop\VC9Play\VC9Play\Debug\VC9Play.write.1.tlog
D:\Develop\VC9Play\VC9Play\Debug\VC9Play_manifest.rc
D:\DEVELOP\VC9PLAY\VC9PLAY\DEBUG\VC9PLAYDLG.OBJ
