Build started 11/13/2018 1:40:07 PM.
     1>Project "D:\Develop\VC9Play\Manager\Manager.vcxproj" on node 2 (build target(s)).
     1>InitializeBuildStatus:
         Creating ".\Debug\Manager.unsuccessfulbuild" because "AlwaysCreate" was specified.
       ClCompile:
         All outputs are up-to-date.
         C:\Program Files (x86)\Microsoft Visual Studio 10.0\VC\bin\CL.exe /c /ZI /nologo /W3 /WX- /Od /Oy- /D WIN32 /D _DEBUG /D _WINDOWS /D _USRDLL /D MANAGER_EXPORTS /D _WIN32_WINNT=1024 /D _VC80_UPGRADE=0x0600 /D _WINDLL /D _MBCS /Gm /EHsc /RTC1 /MDd /GS /fp:precise /Zc:wchar_t /Zc:forScope /Yu"stdafx.h" /Fp".\Debug/Manager.pch" /Fo".\Debug/" /Fd".\Debug/vc100.pdb" /Gd /TP /analyze- /errorReport:prompt Manager.cpp
         Manager.cpp
       ManifestResourceCompile:
         All outputs are up-to-date.
       Link:
         C:\Program Files (x86)\Microsoft Visual Studio 10.0\VC\bin\link.exe /ERRORREPORT:PROMPT /OUT:"..\Debug/Manager.dll" /INCREMENTAL /NOLOGO kernel32.lib user32.lib gdi32.lib winspool.lib comdlg32.lib advapi32.lib shell32.lib ole32.lib oleaut32.lib uuid.lib odbc32.lib odbccp32.lib /MANIFEST /ManifestFile:".\Debug\Manager.dll.intermediate.manifest" /MANIFESTUAC:"level='asInvoker' uiAccess='false'" /DEBUG /PDB:"..\Debug/Manager.pdb" /TLBID:1 /DYNAMICBASE:NO /IMPLIB:"..\Debug/Manager.lib" /MACHINE:X86 /DLL .\Debug\Manager.dll.embed.manifest.res
         .\Debug/Manager.obj
         .\Debug/StdAfx.obj
       Manifest:
         C:\Program Files (x86)\Microsoft SDKs\Windows\v7.0A\bin\mt.exe /nologo /verbose /out:".\Debug\Manager.dll.embed.manifest" /manifest .\Debug\Manager.dll.intermediate.manifest
         All outputs are up-to-date.
       LinkEmbedManifest:
         All outputs are up-to-date.
         Manager.vcxproj -> D:\Develop\VC9Play\Manager\..\Debug\Manager.dll
       FinalizeBuildStatus:
         Deleting file ".\Debug\Manager.unsuccessfulbuild".
         Touching ".\Debug\Manager.lastbuildstate".
     1>Done Building Project "D:\Develop\VC9Play\Manager\Manager.vcxproj" (build target(s)).

Build succeeded.

Time Elapsed 00:00:00.71
