..\Debug\Manager.ilk
..\Debug\Manager.pdb
D:\DEVELOP\VC9PLAY\DEBUG\MANAGER.DLL
D:\Develop\VC9Play\Debug\Manager.exp
D:\DEVELOP\VC9PLAY\DEBUG\MANAGER.ILK
D:\Develop\VC9Play\Debug\Manager.lib
D:\DEVELOP\VC9PLAY\DEBUG\MANAGER.PDB
D:\Develop\VC9Play\Manager\..\Debug\Manager.dll
D:\Develop\VC9Play\Manager\Debug\cl.command.1.tlog
D:\Develop\VC9Play\Manager\Debug\CL.read.1.tlog
D:\Develop\VC9Play\Manager\Debug\CL.write.1.tlog
D:\Develop\VC9Play\Manager\Debug\link.command.1.tlog
D:\Develop\VC9Play\Manager\Debug\link.read.1.tlog
D:\Develop\VC9Play\Manager\Debug\link.write.1.tlog
D:\Develop\VC9Play\Manager\Debug\link-cvtres.read.1.tlog
D:\Develop\VC9Play\Manager\Debug\link-cvtres.write.1.tlog
D:\Develop\VC9Play\Manager\Debug\Manager.dll.embed.manifest
D:\DEVELOP\VC9PLAY\MANAGER\DEBUG\MANAGER.DLL.EMBED.MANIFEST.RES
D:\DEVELOP\VC9PLAY\MANAGER\DEBUG\MANAGER.DLL.INTERMEDIATE.MANIFEST
D:\DEVELOP\VC9PLAY\MANAGER\DEBUG\MANAGER.OBJ
D:\DEVELOP\VC9PLAY\MANAGER\DEBUG\MANAGER.PCH
D:\Develop\VC9Play\Manager\Debug\Manager.write.1.tlog
D:\Develop\VC9Play\Manager\Debug\Manager_manifest.rc
D:\Develop\VC9Play\Manager\Debug\mt.command.1.tlog
D:\Develop\VC9Play\Manager\Debug\mt.read.1.tlog
D:\Develop\VC9Play\Manager\Debug\mt.write.1.tlog
D:\Develop\VC9Play\Manager\Debug\rc.command.1.tlog
D:\Develop\VC9Play\Manager\Debug\rc.read.1.tlog
D:\Develop\VC9Play\Manager\Debug\rc.write.1.tlog
D:\DEVELOP\VC9PLAY\MANAGER\DEBUG\STDAFX.OBJ
D:\Develop\VC9Play\Manager\Debug\vc100.idb
D:\DEVELOP\VC9PLAY\MANAGER\DEBUG\VC100.PDB
D:\Develop\VC9Play\Manager\Debug\vc90.idb
D:\Develop\VC9Play\Manager\Debug\vc90.pdb
